<?xml version="1.0" encoding="UTF-8"?>
<testsuite name="com.realworld.conduit.ConduitApplicationTests" tests="1" skipped="0" failures="0" errors="0" timestamp="2025-08-26T06:23:25" hostname="eyeson.local" time="0.349">
  <properties/>
  <testcase name="contextLoads()" classname="com.realworld.conduit.ConduitApplicationTests" time="0.349"/>
  <system-out><![CDATA[15:23:25.062 [Test worker] INFO org.springframework.test.context.support.AnnotationConfigContextLoaderUtils -- Could not detect default configuration classes for test class [com.realworld.conduit.ConduitApplicationTests]: ConduitApplicationTests does not declare any static, non-private, non-final, nested classes annotated with @Configuration.
15:23:25.091 [Test worker] INFO org.springframework.boot.test.context.SpringBootTestContextBootstrapper -- Found @SpringBootConfiguration com.realworld.conduit.ConduitApplication for test class com.realworld.conduit.ConduitApplicationTests

  .   ____          _            __ _ _
 /\\ / ___'_ __ _ _(_)_ __  __ _ \ \ \ \
( ( )\___ | '_ | '_| | '_ \/ _` | \ \ \ \
 \\/  ___)| |_)| | | | | || (_| |  ) ) ) )
  '  |____| .__|_| |_|_| |_\__, | / / / /
 =========|_|==============|___/=/_/_/_/

 :: Spring Boot ::                (v3.3.4)

2025-08-26T15:23:25.219+09:00  INFO 55722 --- [    Test worker] c.r.conduit.ConduitApplicationTests      : Starting ConduitApplicationTests using Java 21.0.7 with PID 55722 (started by eyeson in /Users/eyeson/study/Realworld-build-from-prd/backend)
2025-08-26T15:23:25.219+09:00 DEBUG 55722 --- [    Test worker] c.r.conduit.ConduitApplicationTests      : Running with Spring Boot v3.3.4, Spring v6.1.13
2025-08-26T15:23:25.220+09:00  INFO 55722 --- [    Test worker] c.r.conduit.ConduitApplicationTests      : No active profile set, falling back to 1 default profile: "default"
2025-08-26T15:23:25.383+09:00 DEBUG 55722 --- [    Test worker] o.m.s.b.a.MybatisAutoConfiguration       : Searching for mappers annotated with @Mapper
2025-08-26T15:23:25.383+09:00 DEBUG 55722 --- [    Test worker] o.m.s.b.a.MybatisAutoConfiguration       : Using auto-configuration base package 'com.realworld.conduit'
2025-08-26T15:23:25.417+09:00  WARN 55722 --- [    Test worker] o.m.s.mapper.ClassPathMapperScanner      : No MyBatis mapper was found in '[com.realworld.conduit]' package. Please check your configuration.
2025-08-26T15:23:25.627+09:00 DEBUG 55722 --- [    Test worker] o.m.s.b.a.MybatisAutoConfiguration       : Not found configuration for registering mapper bean using @MapperScan, MapperFactoryBean and MapperScannerConfigurer.
2025-08-26T15:23:25.645+09:00 DEBUG 55722 --- [    Test worker] o.mybatis.spring.SqlSessionFactoryBean   : Property 'mapperLocations' was not specified.
2025-08-26T15:23:25.651+09:00  INFO 55722 --- [    Test worker] com.zaxxer.hikari.HikariDataSource       : HikariPool-1 - Starting...
2025-08-26T15:23:25.685+09:00  INFO 55722 --- [    Test worker] com.zaxxer.hikari.pool.HikariPool        : HikariPool-1 - Added connection org.mariadb.jdbc.Connection@1c3b6963
2025-08-26T15:23:25.686+09:00  INFO 55722 --- [    Test worker] com.zaxxer.hikari.HikariDataSource       : HikariPool-1 - Start completed.
2025-08-26T15:23:25.721+09:00  INFO 55722 --- [    Test worker] c.r.conduit.ConduitApplicationTests      : Started ConduitApplicationTests in 0.588 seconds (process running for 0.932)
]]></system-out>
  <system-err><![CDATA[WARNING: A Java agent has been loaded dynamically (/Users/eyeson/.gradle/caches/modules-2/files-2.1/net.bytebuddy/byte-buddy-agent/1.14.19/154da3a65b4f4a909d3e5bdec55d1b2b4cbb6ce1/byte-buddy-agent-1.14.19.jar)
WARNING: If a serviceability tool is in use, please run with -XX:+EnableDynamicAgentLoading to hide this warning
WARNING: If a serviceability tool is not in use, please run with -Djdk.instrument.traceUsage for more information
WARNING: Dynamic loading of agents will be disallowed by default in a future release
]]></system-err>
</testsuite>
