<?xml version="1.0" encoding="UTF-8"?>
<testsuite name="com.realworld.conduit.ConduitApplicationTests" tests="1" skipped="0" failures="0" errors="0" timestamp="2025-08-26T04:36:20.534Z" hostname="eyeson.local" time="0.321">
  <properties/>
  <testcase name="contextLoads()" classname="com.realworld.conduit.ConduitApplicationTests" time="0.321"/>
  <system-out><![CDATA[13:36:19.877 [Test worker] INFO org.springframework.test.context.support.AnnotationConfigContextLoaderUtils -- Could not detect default configuration classes for test class [com.realworld.conduit.ConduitApplicationTests]: ConduitApplicationTests does not declare any static, non-private, non-final, nested classes annotated with @Configuration.
13:36:19.906 [Test worker] INFO org.springframework.boot.test.context.SpringBootTestContextBootstrapper -- Found @SpringBootConfiguration com.realworld.conduit.ConduitApplication for test class com.realworld.conduit.ConduitApplicationTests

  .   ____          _            __ _ _
 /\\ / ___'_ __ _ _(_)_ __  __ _ \ \ \ \
( ( )\___ | '_ | '_| | '_ \/ _` | \ \ \ \
 \\/  ___)| |_)| | | | | || (_| |  ) ) ) )
  '  |____| .__|_| |_|_| |_\__, | / / / /
 =========|_|==============|___/=/_/_/_/

 :: Spring Boot ::                (v3.3.4)

2025-08-26T13:36:20.046+09:00  INFO 4224 --- [    Test worker] c.r.conduit.ConduitApplicationTests      : Starting ConduitApplicationTests using Java 17.0.15 with PID 4224 (started by eyeson in /Users/eyeson/study/Realworld-build-from-prd/backend)
2025-08-26T13:36:20.047+09:00 DEBUG 4224 --- [    Test worker] c.r.conduit.ConduitApplicationTests      : Running with Spring Boot v3.3.4, Spring v6.1.13
2025-08-26T13:36:20.047+09:00  INFO 4224 --- [    Test worker] c.r.conduit.ConduitApplicationTests      : No active profile set, falling back to 1 default profile: "default"
2025-08-26T13:36:20.212+09:00 DEBUG 4224 --- [    Test worker] o.m.s.b.a.MybatisAutoConfiguration       : Searching for mappers annotated with @Mapper
2025-08-26T13:36:20.212+09:00 DEBUG 4224 --- [    Test worker] o.m.s.b.a.MybatisAutoConfiguration       : Using auto-configuration base package 'com.realworld.conduit'
2025-08-26T13:36:20.244+09:00  WARN 4224 --- [    Test worker] o.m.s.mapper.ClassPathMapperScanner      : No MyBatis mapper was found in '[com.realworld.conduit]' package. Please check your configuration.
2025-08-26T13:36:20.443+09:00 DEBUG 4224 --- [    Test worker] o.m.s.b.a.MybatisAutoConfiguration       : Not found configuration for registering mapper bean using @MapperScan, MapperFactoryBean and MapperScannerConfigurer.
2025-08-26T13:36:20.461+09:00 DEBUG 4224 --- [    Test worker] o.mybatis.spring.SqlSessionFactoryBean   : Property 'mapperLocations' was not specified.
2025-08-26T13:36:20.466+09:00  INFO 4224 --- [    Test worker] com.zaxxer.hikari.HikariDataSource       : HikariPool-1 - Starting...
2025-08-26T13:36:20.496+09:00  INFO 4224 --- [    Test worker] com.zaxxer.hikari.pool.HikariPool        : HikariPool-1 - Added connection org.mariadb.jdbc.Connection@37606fee
2025-08-26T13:36:20.497+09:00  INFO 4224 --- [    Test worker] com.zaxxer.hikari.HikariDataSource       : HikariPool-1 - Start completed.
2025-08-26T13:36:20.530+09:00  INFO 4224 --- [    Test worker] c.r.conduit.ConduitApplicationTests      : Started ConduitApplicationTests in 0.58 seconds (process running for 0.935)
]]></system-out>
  <system-err><![CDATA[]]></system-err>
</testsuite>
