<?xml version="1.0" encoding="UTF-8"?>
<testsuite name="com.realworld.conduit.ConduitApplicationTests" tests="1" skipped="0" failures="0" errors="0" timestamp="2025-08-26T11:48:50" hostname="eyeson.local" time="0.004">
  <properties/>
  <testcase name="contextLoads()" classname="com.realworld.conduit.ConduitApplicationTests" time="0.004"/>
  <system-out><![CDATA[2025-08-26T20:48:49.582+09:00  INFO 18910 --- [    Test worker] t.c.s.AnnotationConfigContextLoaderUtils : Could not detect default configuration classes for test class [com.realworld.conduit.ConduitApplicationTests]: ConduitApplicationTests does not declare any static, non-private, non-final, nested classes annotated with @Configuration.
2025-08-26T20:48:49.588+09:00  INFO 18910 --- [    Test worker] .b.t.c.SpringBootTestContextBootstrapper : Found @SpringBootConfiguration com.realworld.conduit.ConduitApplication for test class com.realworld.conduit.ConduitApplicationTests

  .   ____          _            __ _ _
 /\\ / ___'_ __ _ _(_)_ __  __ _ \ \ \ \
( ( )\___ | '_ | '_| | '_ \/ _` | \ \ \ \
 \\/  ___)| |_)| | | | | || (_| |  ) ) ) )
  '  |____| .__|_| |_|_| |_\__, | / / / /
 =========|_|==============|___/=/_/_/_/

 :: Spring Boot ::                (v3.3.4)

2025-08-26T20:48:49.611+09:00  INFO 18910 --- [    Test worker] c.r.conduit.ConduitApplicationTests      : Starting ConduitApplicationTests using Java 21.0.7 with PID 18910 (started by eyeson in /Users/eyeson/study/Realworld-build-from-prd/backend)
2025-08-26T20:48:49.611+09:00 DEBUG 18910 --- [    Test worker] c.r.conduit.ConduitApplicationTests      : Running with Spring Boot v3.3.4, Spring v6.1.13
2025-08-26T20:48:49.611+09:00  INFO 18910 --- [    Test worker] c.r.conduit.ConduitApplicationTests      : No active profile set, falling back to 1 default profile: "default"
2025-08-26T20:48:49.708+09:00 DEBUG 18910 --- [    Test worker] o.m.s.b.a.MybatisAutoConfiguration       : Searching for mappers annotated with @Mapper
2025-08-26T20:48:49.708+09:00 DEBUG 18910 --- [    Test worker] o.m.s.b.a.MybatisAutoConfiguration       : Using auto-configuration base package 'com.realworld.conduit'
2025-08-26T20:48:49.738+09:00 DEBUG 18910 --- [    Test worker] o.m.s.mapper.ClassPathMapperScanner      : Identified candidate component class: file [/Users/eyeson/study/Realworld-build-from-prd/backend/build/classes/java/main/com/realworld/conduit/mapper/ArticleMapper.class]
2025-08-26T20:48:49.738+09:00 DEBUG 18910 --- [    Test worker] o.m.s.mapper.ClassPathMapperScanner      : Identified candidate component class: file [/Users/eyeson/study/Realworld-build-from-prd/backend/build/classes/java/main/com/realworld/conduit/mapper/CommentMapper.class]
2025-08-26T20:48:49.738+09:00 DEBUG 18910 --- [    Test worker] o.m.s.mapper.ClassPathMapperScanner      : Identified candidate component class: file [/Users/eyeson/study/Realworld-build-from-prd/backend/build/classes/java/main/com/realworld/conduit/mapper/UserMapper.class]
2025-08-26T20:48:49.739+09:00 DEBUG 18910 --- [    Test worker] o.m.s.mapper.ClassPathMapperScanner      : Creating MapperFactoryBean with name 'articleMapper' and 'com.realworld.conduit.mapper.ArticleMapper' mapperInterface
2025-08-26T20:48:49.739+09:00 DEBUG 18910 --- [    Test worker] o.m.s.mapper.ClassPathMapperScanner      : Creating MapperFactoryBean with name 'commentMapper' and 'com.realworld.conduit.mapper.CommentMapper' mapperInterface
2025-08-26T20:48:49.739+09:00 DEBUG 18910 --- [    Test worker] o.m.s.mapper.ClassPathMapperScanner      : Creating MapperFactoryBean with name 'userMapper' and 'com.realworld.conduit.mapper.UserMapper' mapperInterface
2025-08-26T20:48:49.790+09:00  INFO 18910 --- [    Test worker] com.zaxxer.hikari.HikariDataSource       : HikariPool-1 - Starting...
2025-08-26T20:48:49.823+09:00  INFO 18910 --- [    Test worker] com.zaxxer.hikari.pool.HikariPool        : HikariPool-1 - Added connection org.mariadb.jdbc.Connection@7d17906
2025-08-26T20:48:49.824+09:00  INFO 18910 --- [    Test worker] com.zaxxer.hikari.HikariDataSource       : HikariPool-1 - Start completed.
2025-08-26T20:48:49.894+09:00 DEBUG 18910 --- [    Test worker] o.mybatis.spring.SqlSessionFactoryBean   : Parsed mapper file: 'file [/Users/eyeson/study/Realworld-build-from-prd/backend/build/resources/main/mapper/ArticleMapper.xml]'
2025-08-26T20:48:49.900+09:00 DEBUG 18910 --- [    Test worker] o.mybatis.spring.SqlSessionFactoryBean   : Parsed mapper file: 'file [/Users/eyeson/study/Realworld-build-from-prd/backend/build/resources/main/mapper/CommentMapper.xml]'
2025-08-26T20:48:49.903+09:00 DEBUG 18910 --- [    Test worker] o.mybatis.spring.SqlSessionFactoryBean   : Parsed mapper file: 'file [/Users/eyeson/study/Realworld-build-from-prd/backend/build/resources/main/mapper/UserMapper.xml]'
2025-08-26T20:48:49.948+09:00  INFO 18910 --- [    Test worker] r$InitializeUserDetailsManagerConfigurer : Global AuthenticationManager configured with UserDetailsService bean with name customUserDetailsService
2025-08-26T20:48:50.109+09:00 DEBUG 18910 --- [    Test worker] o.m.s.b.a.MybatisAutoConfiguration       : Not found configuration for registering mapper bean using @MapperScan, MapperFactoryBean and MapperScannerConfigurer.
2025-08-26T20:48:50.137+09:00  INFO 18910 --- [    Test worker] c.r.conduit.ConduitApplicationTests      : Started ConduitApplicationTests in 0.542 seconds (process running for 1.662)
]]></system-out>
  <system-err><![CDATA[]]></system-err>
</testsuite>
