<?xml version="1.0" encoding="UTF-8"?>
<testsuite name="com.realworld.conduit.ConduitApplicationTests" tests="1" skipped="0" failures="0" errors="0" timestamp="2025-08-26T11:55:07" hostname="eyeson.local" time="0.341">
  <properties/>
  <testcase name="contextLoads()" classname="com.realworld.conduit.ConduitApplicationTests" time="0.341"/>
  <system-out><![CDATA[20:55:06.630 [Test worker] INFO org.springframework.test.context.support.AnnotationConfigContextLoaderUtils -- Could not detect default configuration classes for test class [com.realworld.conduit.ConduitApplicationTests]: ConduitApplicationTests does not declare any static, non-private, non-final, nested classes annotated with @Configuration.
20:55:06.663 [Test worker] INFO org.springframework.boot.test.context.SpringBootTestContextBootstrapper -- Found @SpringBootConfiguration com.realworld.conduit.ConduitApplication for test class com.realworld.conduit.ConduitApplicationTests

  .   ____          _            __ _ _
 /\\ / ___'_ __ _ _(_)_ __  __ _ \ \ \ \
( ( )\___ | '_ | '_| | '_ \/ _` | \ \ \ \
 \\/  ___)| |_)| | | | | || (_| |  ) ) ) )
  '  |____| .__|_| |_|_| |_\__, | / / / /
 =========|_|==============|___/=/_/_/_/

 :: Spring Boot ::                (v3.3.4)

2025-08-26T20:55:06.797+09:00  INFO 21536 --- [    Test worker] c.r.conduit.ConduitApplicationTests      : Starting ConduitApplicationTests using Java 21.0.7 with PID 21536 (started by eyeson in /Users/eyeson/study/Realworld-build-from-prd/backend)
2025-08-26T20:55:06.798+09:00 DEBUG 21536 --- [    Test worker] c.r.conduit.ConduitApplicationTests      : Running with Spring Boot v3.3.4, Spring v6.1.13
2025-08-26T20:55:06.798+09:00  INFO 21536 --- [    Test worker] c.r.conduit.ConduitApplicationTests      : No active profile set, falling back to 1 default profile: "default"
2025-08-26T20:55:06.994+09:00 DEBUG 21536 --- [    Test worker] o.m.s.b.a.MybatisAutoConfiguration       : Searching for mappers annotated with @Mapper
2025-08-26T20:55:06.995+09:00 DEBUG 21536 --- [    Test worker] o.m.s.b.a.MybatisAutoConfiguration       : Using auto-configuration base package 'com.realworld.conduit'
2025-08-26T20:55:07.034+09:00 DEBUG 21536 --- [    Test worker] o.m.s.mapper.ClassPathMapperScanner      : Identified candidate component class: file [/Users/eyeson/study/Realworld-build-from-prd/backend/build/classes/java/main/com/realworld/conduit/mapper/ArticleMapper.class]
2025-08-26T20:55:07.034+09:00 DEBUG 21536 --- [    Test worker] o.m.s.mapper.ClassPathMapperScanner      : Identified candidate component class: file [/Users/eyeson/study/Realworld-build-from-prd/backend/build/classes/java/main/com/realworld/conduit/mapper/CommentMapper.class]
2025-08-26T20:55:07.034+09:00 DEBUG 21536 --- [    Test worker] o.m.s.mapper.ClassPathMapperScanner      : Identified candidate component class: file [/Users/eyeson/study/Realworld-build-from-prd/backend/build/classes/java/main/com/realworld/conduit/mapper/UserMapper.class]
2025-08-26T20:55:07.035+09:00 DEBUG 21536 --- [    Test worker] o.m.s.mapper.ClassPathMapperScanner      : Creating MapperFactoryBean with name 'articleMapper' and 'com.realworld.conduit.mapper.ArticleMapper' mapperInterface
2025-08-26T20:55:07.035+09:00 DEBUG 21536 --- [    Test worker] o.m.s.mapper.ClassPathMapperScanner      : Creating MapperFactoryBean with name 'commentMapper' and 'com.realworld.conduit.mapper.CommentMapper' mapperInterface
2025-08-26T20:55:07.035+09:00 DEBUG 21536 --- [    Test worker] o.m.s.mapper.ClassPathMapperScanner      : Creating MapperFactoryBean with name 'userMapper' and 'com.realworld.conduit.mapper.UserMapper' mapperInterface
2025-08-26T20:55:07.123+09:00  INFO 21536 --- [    Test worker] com.zaxxer.hikari.HikariDataSource       : HikariPool-1 - Starting...
2025-08-26T20:55:07.152+09:00  INFO 21536 --- [    Test worker] com.zaxxer.hikari.pool.HikariPool        : HikariPool-1 - Added connection org.mariadb.jdbc.Connection@52b959df
2025-08-26T20:55:07.153+09:00  INFO 21536 --- [    Test worker] com.zaxxer.hikari.HikariDataSource       : HikariPool-1 - Start completed.
2025-08-26T20:55:07.222+09:00 DEBUG 21536 --- [    Test worker] o.mybatis.spring.SqlSessionFactoryBean   : Parsed mapper file: 'file [/Users/eyeson/study/Realworld-build-from-prd/backend/build/resources/main/mapper/ArticleMapper.xml]'
2025-08-26T20:55:07.226+09:00 DEBUG 21536 --- [    Test worker] o.mybatis.spring.SqlSessionFactoryBean   : Parsed mapper file: 'file [/Users/eyeson/study/Realworld-build-from-prd/backend/build/resources/main/mapper/CommentMapper.xml]'
2025-08-26T20:55:07.231+09:00 DEBUG 21536 --- [    Test worker] o.mybatis.spring.SqlSessionFactoryBean   : Parsed mapper file: 'file [/Users/eyeson/study/Realworld-build-from-prd/backend/build/resources/main/mapper/UserMapper.xml]'
2025-08-26T20:55:07.275+09:00  INFO 21536 --- [    Test worker] r$InitializeUserDetailsManagerConfigurer : Global AuthenticationManager configured with UserDetailsService bean with name customUserDetailsService
2025-08-26T20:55:07.429+09:00 DEBUG 21536 --- [    Test worker] o.m.s.b.a.MybatisAutoConfiguration       : Not found configuration for registering mapper bean using @MapperScan, MapperFactoryBean and MapperScannerConfigurer.
2025-08-26T20:55:07.455+09:00  INFO 21536 --- [    Test worker] c.r.conduit.ConduitApplicationTests      : Started ConduitApplicationTests in 0.746 seconds (process running for 1.115)
]]></system-out>
  <system-err><![CDATA[WARNING: A Java agent has been loaded dynamically (/Users/eyeson/.gradle/caches/modules-2/files-2.1/net.bytebuddy/byte-buddy-agent/1.14.19/154da3a65b4f4a909d3e5bdec55d1b2b4cbb6ce1/byte-buddy-agent-1.14.19.jar)
WARNING: If a serviceability tool is in use, please run with -XX:+EnableDynamicAgentLoading to hide this warning
WARNING: If a serviceability tool is not in use, please run with -Djdk.instrument.traceUsage for more information
WARNING: Dynamic loading of agents will be disallowed by default in a future release
]]></system-err>
</testsuite>
